11:50:11.991 INFO [GridLauncherV3.parse] - Selenium server version: 3.141.59, revision: e82be7d358
11:50:12.036 INFO [GridLauncherV3.lambda$buildLaunchers$3] - Launching a standalone Selenium Server on port 4445
2019-05-28 11:50:12.069:INFO::main: Logging initialized @205ms to org.seleniumhq.jetty9.util.log.StdErrLog
11:50:12.226 INFO [WebDriverServlet.<init>] - Initialising WebDriverServlet
11:50:12.382 INFO [SeleniumServer.boot] - Selenium Server is up and running on port 4445
11:50:12.627 INFO [ActiveSessionFactory.apply] - Capabilities are: {
  "acceptSslCerts": true,
  "browserName": "chrome",
  "chromeOptions": {
    "mobileEmulation": {
      "deviceName": "iPhone X"
    }
  },
  "name": "Mat Tesla Shop M"
}
11:50:12.629 INFO [ActiveSessionFactory.lambda$apply$11] - Matched factory org.openqa.selenium.grid.session.remote.ServicedSession$Factory (provider: org.openqa.selenium.chrome.ChromeDriverService)
Starting ChromeDriver 74.0.3729.6 (255758eccf3d244491b8a1317aa76e1ce10d57e9-refs/branch-heads/3729@{#29}) on port 3941
Only local connections are allowed.
Please protect ports used by ChromeDriver and related test frameworks to prevent access by malicious code.
11:50:14.863 INFO [ProtocolHandshake.createSession] - Detected dialect: OSS
11:50:15.025 INFO [RemoteSession$Factory.lambda$performHandshake$0] - Started new session 374025a17684d10f3e2a701dd0351947 (org.openqa.selenium.chrome.ChromeDriverService)
11:50:51.779 INFO [ActiveSessions$1.onStop] - Removing session 374025a17684d10f3e2a701dd0351947 (org.openqa.selenium.chrome.ChromeDriverService)
